\BOOKMARK [1][-]{section.1}{\376\377\212\262\172\013\166\356\166\204}{}% 1
\BOOKMARK [1][-]{section.2}{\376\377\145\131\133\170\145\271\137\017}{}% 2
\BOOKMARK [2][-]{subsection.2.1}{\376\377\212\262\172\013\146\102\225\223\133\211\143\222}{section.2}% 3
\BOOKMARK [2][-]{subsection.2.2}{\376\377\116\012\212\262}{section.2}% 4
\BOOKMARK [2][-]{subsection.2.3}{\376\377\200\003\212\146}{section.2}% 5
\BOOKMARK [3][-]{subsubsection.2.3.1}{\376\377\134\017\200\003}{subsection.2.3}% 6
\BOOKMARK [3][-]{subsubsection.2.3.2}{\376\377\147\037\116\055\200\003}{subsection.2.3}% 7
\BOOKMARK [2][-]{subsection.2.4}{\376\377\117\134\151\155}{section.2}% 8
\BOOKMARK [2][-]{subsection.2.5}{\376\377\213\033\177\251\210\375\117\134\145\271\137\017}{section.2}% 9
\BOOKMARK [2][-]{subsection.2.6}{\376\377\230\020\212\010\166\204\212\262\172\013\230\250\154\043}{section.2}% 10
\BOOKMARK [1][-]{section.3}{\376\377\137\305\145\131}{}% 11
\BOOKMARK [2][-]{subsection.3.1}{\376\377\122\006\154\273}{section.3}% 12
\BOOKMARK [2][-]{subsection.3.2}{\376\377\000D\000P}{section.3}% 13
\BOOKMARK [2][-]{subsection.3.3}{\376\377\000g\000r\000e\000e\000d\000y}{section.3}% 14
\BOOKMARK [2][-]{subsection.3.4}{\376\377\000D\000F\000S\000/\000B\000F\000S}{section.3}% 15
\BOOKMARK [2][-]{subsection.3.5}{\376\377\116\214\122\006\144\034}{section.3}% 16
\BOOKMARK [2][-]{subsection.3.6}{\376\377\141\311\165\050}{section.3}% 17
\BOOKMARK [2][-]{subsection.3.7}{\376\377\175\332\153\265\152\071\000/\000B\000I\000T}{section.3}% 18
\BOOKMARK [2][-]{subsection.3.8}{\376\377\147\000\167\355\215\357}{section.3}% 19
\BOOKMARK [1][-]{section.4}{\376\377\220\170\117\356}{}% 20
\BOOKMARK [2][-]{subsection.4.1}{\376\377\167\351\226\143}{section.4}% 21
\BOOKMARK [2][-]{subsection.4.2}{\376\377\000B\000S\000T}{section.4}% 22
\BOOKMARK [2][-]{subsection.4.3}{\376\377\133\127\116\062\173\227\154\325}{section.4}% 23
\BOOKMARK [2][-]{subsection.4.4}{\376\377\000L\000C\000A\000/\120\015\130\236\154\325}{section.4}% 24
\BOOKMARK [2][-]{subsection.4.5}{\376\377\000T\000r\000e\000a\000p}{section.4}% 25
\BOOKMARK [2][-]{subsection.4.6}{\376\377\000D\000S\000U}{section.4}% 26
\BOOKMARK [2][-]{subsection.4.7}{\376\377\147\000\134\017\165\037\142\020\152\071}{section.4}% 27
\BOOKMARK [2][-]{subsection.4.8}{\376\377\125\256\212\277\226\212\122\027}{section.4}% 28
\BOOKMARK [2][-]{subsection.4.9}{\376\377\124\021\221\317\000/\121\370\123\005}{section.4}% 29
\BOOKMARK [2][-]{subsection.4.10}{\376\377\203\253\226\212}{section.4}% 30
\BOOKMARK [2][-]{subsection.4.11}{\376\377\145\164\232\324\116\214\122\006\144\034\000\050\153\322\000\051}{section.4}% 31
\BOOKMARK [2][-]{subsection.4.12}{\376\377\000C\000D\000Q\122\006\154\273}{section.4}% 32
\BOOKMARK [2][-]{subsection.4.13}{\376\377\171\136\131\107\166\204\230\136\116\214\121\103\152\071}{section.4}% 33
\BOOKMARK [2][-]{subsection.4.14}{\376\377\000S\000C\000C\000/\000B\000C\000C}{section.4}% 34
\BOOKMARK [1][-]{section.5}{\376\377\175\120\212\236}{}% 35
